### version information

```
pre-commit version: 4.3.0
git --version: git version 2.50.1
sys.version:
    3.12.11 (main, Jul 23 2025, 00:36:24) [Clang 20.1.4 ]
sys.executable: /home/vscode/.local/share/uv/tools/pre-commit/bin/python
os.name: posix
sys.platform: linux
```

### error information

```
An error has occurred: InvalidConfigError: 
==> File .pre-commit-config.yaml
=====> Expected a Config map but got a NoneType
```

```
Traceback (most recent call last):
  File "/home/vscode/.local/share/uv/tools/pre-commit/lib/python3.12/site-packages/pre_commit/error_handler.py", line 73, in error_handler
    yield
  File "/home/vscode/.local/share/uv/tools/pre-commit/lib/python3.12/site-packages/pre_commit/main.py", line 417, in main
    return run(args.config, store, args)
           ^^^^^^^^^^^^^^^^^^^^^^^^^^^^^
  File "/home/vscode/.local/share/uv/tools/pre-commit/lib/python3.12/site-packages/pre_commit/commands/run.py", line 422, in run
    config = load_config(config_file)
             ^^^^^^^^^^^^^^^^^^^^^^^^
  File "/home/vscode/.local/share/uv/tools/pre-commit/lib/python3.12/site-packages/cfgv.py", line 399, in load_from_filename
    with reraise_as(exc_tp):
         ^^^^^^^^^^^^^^^^^^
  File "/home/vscode/.local/share/uv/python/cpython-3.12.11-linux-aarch64-gnu/lib/python3.12/contextlib.py", line 158, in __exit__
    self.gen.throw(value)
  File "/home/vscode/.local/share/uv/tools/pre-commit/lib/python3.12/site-packages/cfgv.py", line 45, in reraise_as
    raise tp(e).with_traceback(tb) from None
  File "/home/vscode/.local/share/uv/tools/pre-commit/lib/python3.12/site-packages/cfgv.py", line 42, in reraise_as
    yield
  File "/home/vscode/.local/share/uv/tools/pre-commit/lib/python3.12/site-packages/cfgv.py", line 403, in load_from_filename
    with validate_context(f'File {display_filename}'):
         ^^^^^^^^^^^^^^^^^^^^^^^^^^^^^^^^^^^^^^^^^^^^
  File "/home/vscode/.local/share/uv/python/cpython-3.12.11-linux-aarch64-gnu/lib/python3.12/contextlib.py", line 158, in __exit__
    self.gen.throw(value)
  File "/home/vscode/.local/share/uv/tools/pre-commit/lib/python3.12/site-packages/cfgv.py", line 36, in validate_context
    raise ValidationError(e, ctx=msg).with_traceback(tb) from None
  File "/home/vscode/.local/share/uv/tools/pre-commit/lib/python3.12/site-packages/cfgv.py", line 33, in validate_context
    yield
  File "/home/vscode/.local/share/uv/tools/pre-commit/lib/python3.12/site-packages/cfgv.py", line 415, in load_from_filename
    validate(data, schema)
  File "/home/vscode/.local/share/uv/tools/pre-commit/lib/python3.12/site-packages/cfgv.py", line 378, in validate
    schema.check(v)
  File "/home/vscode/.local/share/uv/tools/pre-commit/lib/python3.12/site-packages/cfgv.py", line 235, in check
    raise ValidationError(
pre_commit.clientlib.InvalidConfigError: 
==> File .pre-commit-config.yaml
=====> Expected a Config map but got a NoneType
```
